<?xml version="1.0" encoding="UTF-8"?>
<robot generator="Robot 7.1 (Python 3.10.11 on win32)" generated="2024-09-22T00:32:18.534865" rpa="false" schemaversion="5">
<suite id="s1" name="testDemo1" source="C:\Users\hp\PycharmProjects\RobotFrameworkTest\testDemo1.robot">
<test id="s1-t1" name="Validate Unssuccessful login" line="12">
<kw name="open the browser with the mortage payment url">
<kw name="Open Browser" owner="SeleniumLibrary">
<msg time="2024-09-22T00:32:18.833364" level="INFO">Opening browser 'Edge' to base url 'http://rahulshettyacademy.com/loginpagePractise/'.</msg>
<arg>${browserurl}</arg>
<arg>Edge</arg>
<doc>Opens a new browser instance to the optional ``url``.</doc>
<status status="PASS" start="2024-09-22T00:32:18.833364" elapsed="3.524713"/>
</kw>
<kw name="Sleep" owner="BuiltIn">
<msg time="2024-09-22T00:32:24.368261" level="INFO">Slept 2 seconds.</msg>
<arg>2</arg>
<doc>Pauses the test executed for the given time.</doc>
<status status="PASS" start="2024-09-22T00:32:22.358077" elapsed="2.010184"/>
</kw>
<status status="PASS" start="2024-09-22T00:32:18.832366" elapsed="5.535895"/>
</kw>
<kw name="fill the login form">
<kw name="Input Text" owner="SeleniumLibrary">
<msg time="2024-09-22T00:32:24.370276" level="INFO">Typing text 'saifeddine.kchich@gmail.com' into text field 'id:username'.</msg>
<arg>id:username</arg>
<arg>saifeddine.kchich@gmail.com</arg>
<doc>Types the given ``text`` into the text field identified by ``locator``.</doc>
<status status="PASS" start="2024-09-22T00:32:24.369273" elapsed="0.449093"/>
</kw>
<kw name="Input Text" owner="SeleniumLibrary">
<msg time="2024-09-22T00:32:24.818366" level="INFO">Typing text '12345' into text field 'id:password'.</msg>
<arg>id:password</arg>
<arg>12345</arg>
<doc>Types the given ``text`` into the text field identified by ``locator``.</doc>
<status status="PASS" start="2024-09-22T00:32:24.818366" elapsed="0.241715"/>
</kw>
<kw name="Click Button" owner="SeleniumLibrary">
<msg time="2024-09-22T00:32:25.060081" level="INFO">Clicking button 'signInBtn'.</msg>
<arg>signInBtn</arg>
<doc>Clicks the button identified by ``locator``.</doc>
<status status="PASS" start="2024-09-22T00:32:25.060081" elapsed="0.078606"/>
</kw>
<status status="PASS" start="2024-09-22T00:32:24.369273" elapsed="0.769414"/>
</kw>
<kw name="wait until it checks and display error message">
<kw name="Wait Until Element Is Visible" owner="SeleniumLibrary">
<arg>${errorMsgLocator}</arg>
<doc>Waits until the element ``locator`` is visible.</doc>
<status status="PASS" start="2024-09-22T00:32:25.139685" elapsed="2.011890"/>
</kw>
<status status="PASS" start="2024-09-22T00:32:25.138687" elapsed="2.012888"/>
</kw>
<kw name="verify error message is correct">
<kw name="Element Text Should Be" owner="SeleniumLibrary">
<msg time="2024-09-22T00:32:27.152574" level="INFO">Verifying element 'css:.alert-danger' contains exact text 'Incorrect username/password.'.</msg>
<arg>${errorMsgLocator}</arg>
<arg>${errorMessageLogin}</arg>
<doc>Verifies that element ``locator`` contains exact the text ``expected``.</doc>
<status status="PASS" start="2024-09-22T00:32:27.152574" elapsed="0.027696"/>
</kw>
<status status="PASS" start="2024-09-22T00:32:27.151575" elapsed="0.029698"/>
</kw>
<kw name="Close Browser" owner="SeleniumLibrary" type="TEARDOWN">
<doc>Closes the current browser.</doc>
<status status="PASS" start="2024-09-22T00:32:27.181273" elapsed="2.299102"/>
</kw>
<status status="PASS" start="2024-09-22T00:32:18.830341" elapsed="10.651028"/>
</test>
<doc>Validate the login form</doc>
<status status="PASS" start="2024-09-22T00:32:18.536861" elapsed="10.944508"/>
</suite>
<statistics>
<total>
<stat pass="1" fail="0" skip="0">All Tests</stat>
</total>
<tag>
</tag>
<suite>
<stat pass="1" fail="0" skip="0" id="s1" name="testDemo1">testDemo1</stat>
</suite>
</statistics>
<errors>
</errors>
</robot>
